  wildscan.cpp
  mlmamain.cpp
  libfast.cpp
c:\users\keva\home\gitmorph\rus\libdict\libfast.cpp(36): warning C4101: idform: неиспользованная локальная переменная
c:\users\keva\home\gitmorph\rus\libdict\libfast.cpp(35): warning C4101: nlexid: неиспользованная локальная переменная
c:\users\keva\home\gitmorph\rus\libdict\libfast.cpp(37): warning C4101: nforms: неиспользованная локальная переменная
c:\users\keva\home\gitmorph\rus\libdict\libfast.cpp(38): warning C4101: nlemma: неиспользованная локальная переменная
  lemmatiz.cpp
c:\users\keva\home\gitmorph\rus\libdict\lemmatiz.cpp(249): warning C4244: =: преобразование "const __libmorphrus__::word16_t" в "unsigned char", возможна потеря данных
  flexmake.cpp
  capsheme.cpp
  stemtree.cpp
c:\users\keva\home\gitmorph\rus\dictree\stemtree.cpp(130769): warning C4838: преобразование из "char" в "unsigned char" требует сужающего преобразования
  mxTables.cpp
c:\users\keva\home\gitmorph\rus\dictree\mxtables.cpp(68): warning C4838: преобразование из "char" в "unsigned char" требует сужающего преобразования
  mixTypes.cpp
  lidstree.cpp
c:\users\keva\home\gitmorph\rus\dictree\lidstree.cpp(62184): warning C4838: преобразование из "char" в "unsigned char" требует сужающего преобразования
  flextree.cpp
c:\users\keva\home\gitmorph\rus\dictree\flextree.cpp(27147): warning C4838: преобразование из "char" в "unsigned char" требует сужающего преобразования
  classmap.cpp
c:\users\keva\home\gitmorph\rus\dictree\classmap.cpp(843): warning C4838: преобразование из "char" в "unsigned char" требует сужающего преобразования
  Создание кода...
  libdict.vcxproj -> C:\Users\keva\home\gitmorph\Debug\libdict.exe
