c:\users\keva\home\gitmorph\rus\libdict\debug\vc140.pdb
c:\users\keva\home\gitmorph\rus\libdict\debug\vc140.idb
c:\users\keva\home\gitmorph\rus\libdict\debug\capsheme.obj
c:\users\keva\home\gitmorph\rus\libdict\debug\flexmake.obj
c:\users\keva\home\gitmorph\rus\libdict\debug\lemmatiz.obj
c:\users\keva\home\gitmorph\rus\libdict\debug\libfast.obj
c:\users\keva\home\gitmorph\rus\libdict\debug\wildscan.obj
c:\users\keva\home\gitmorph\rus\libdict\debug\classmap.obj
c:\users\keva\home\gitmorph\rus\libdict\debug\flextree.obj
c:\users\keva\home\gitmorph\rus\libdict\debug\lidstree.obj
c:\users\keva\home\gitmorph\rus\libdict\debug\mixtypes.obj
c:\users\keva\home\gitmorph\rus\libdict\debug\mxtables.obj
c:\users\keva\home\gitmorph\rus\libdict\debug\stemtree.obj
c:\users\keva\home\gitmorph\rus\libdict\debug\mlmamain.obj
c:\users\keva\home\gitmorph\debug\libdict.ilk
c:\users\keva\home\gitmorph\debug\libdict.exe
c:\users\keva\home\gitmorph\debug\libdict.pdb
c:\users\keva\home\gitmorph\rus\libdict\debug\libdict.tlog\cl.command.1.tlog
c:\users\keva\home\gitmorph\rus\libdict\debug\libdict.tlog\cl.read.1.tlog
c:\users\keva\home\gitmorph\rus\libdict\debug\libdict.tlog\cl.write.1.tlog
c:\users\keva\home\gitmorph\rus\libdict\debug\libdict.tlog\link.command.1.tlog
c:\users\keva\home\gitmorph\rus\libdict\debug\libdict.tlog\link.read.1.tlog
c:\users\keva\home\gitmorph\rus\libdict\debug\libdict.tlog\link.write.1.tlog
